C51 COMPILER V9.02   LESSON3                                                               09/05/2016 15:07:26 PAGE 1   


C51 COMPILER V9.02, COMPILATION OF MODULE LESSON3
OBJECT MODULE PLACED IN lesson3.OBJ
COMPILER INVOKED BY: C:\Keil\C51\BIN\C51.EXE lesson3.c BROWSE DEBUG OBJECTEXTEND

line level    source

   1          #include <reg52.h>
   2          
   3          sbit ADDR0 = P1^0;
   4          sbit ADDR1 = P1^1;
   5          sbit ADDR2 = P1^2;
   6          sbit ADDR3 = P1^3;
   7          sbit ENLED = P1^4;
   8          
   9          void main()
  10          {
  11   1         unsigned int i = 0;
  12   1      
  13   1         ENLED = 0;
  14   1         ADDR3 = 1;
  15   1         ADDR2 = 1;
  16   1         ADDR1 = 1;
  17   1         ADDR0 = 0;
  18   1      
  19   1         while(1){
  20   2         P0 = 0xaa;
  21   2         for(i=0;i<30000;i++);
  22   2         P0 = 0x55;
  23   2         for(i=0;i<30000;i++);
  24   2         }
  25   1      }


MODULE INFORMATION:   STATIC OVERLAYABLE
   CODE SIZE        =     49    ----
   CONSTANT SIZE    =   ----    ----
   XDATA SIZE       =   ----    ----
   PDATA SIZE       =   ----    ----
   DATA SIZE        =   ----    ----
   IDATA SIZE       =   ----    ----
   BIT SIZE         =   ----    ----
END OF MODULE INFORMATION.


C51 COMPILATION COMPLETE.  0 WARNING(S),  0 ERROR(S)
