C51 COMPILER V9.02   定时_中断的应用                                                      09/16/2016 22:40:21 PAGE 1   


C51 COMPILER V9.02, COMPILATION OF MODULE 定时_中断的应用
OBJECT MODULE PLACED IN 定时器中断的应用.OBJ
COMPILER INVOKED BY: C:\Keil\C51\BIN\C51.EXE 定时器中断的应用.c BROWSE DEBUG OBJECTEXTEND

line level    source

   1          #include<reg52.h>
   2          
   3          sbit ADDR0 = P1^0;
   4          sbit ADDR1 = P1^1;
   5          sbit ADDR2 = P1^2;
   6          sbit ADDR3 = P1^3;
   7          sbit ENLED = P1^4;
   8          unsigned char code LedChar[] = {
   9            0xC0,0xF9,0xA4,0xB0,0x99,0x92,0x82,0xF8,
  10            0x80,0x90,0x88,0x83,0xC6,0xA1,0x86,0x8E
  11          } ;
  12          
  13          unsigned char LedBuff[6] = {
  14            0xFF,0xFF,0xFF,0xFF,0xFF,0xFF
  15          };
  16          
  17          unsigned char i = 0;
  18          unsigned int cnt = 0;
  19          unsigned char flagls = 0;
  20          
  21          void main()
  22          {
  23   1         unsigned long sec = 0;
  24   1         EA = 1;
  25   1         ENLED = 0;
  26   1         ADDR3 = 1;
  27   1         TMOD = 0x01;
  28   1         TH0 = 0xFC;
  29   1         TL0 = 0x67;
  30   1         ET0 = 1;
  31   1         TR0 = 1;
  32   1         while(1)
  33   1         {
  34   2           if(flagls == 1)
  35   2               {
  36   3                  flagls = 0;
  37   3                      sec++;
  38   3                      LedBuff[0] = LedChar[sec%10];
  39   3                      LedBuff[1] = LedChar[sec/10%10];
  40   3                      LedBuff[2] = LedChar[sec/100%10];
  41   3                      LedBuff[3] = LedChar[sec/1000%10];
  42   3                      LedBuff[4] = LedChar[sec/10000%10];
  43   3                      LedBuff[5] = LedChar[sec/100000%10];
  44   3               }
  45   2         }
  46   1      }
  47          
  48          void InterruptTimer0() interrupt 1
  49          {
  50   1         TH0 = 0xFC;
  51   1         TL0 = 0x67;
  52   1         cnt++;
  53   1         if(cnt >= 1000)
  54   1         {
  55   2           cnt = 0;
C51 COMPILER V9.02   定时_中断的应用                                                      09/16/2016 22:40:21 PAGE 2   

  56   2               flagls = 1;
  57   2         }
  58   1         P0 = 0xFF;                   //关闭段消隐
  59   1         switch(i)
  60   1         {
  61   2            case 0:ADDR2 = 0;ADDR1 = 0;ADDR0 = 0;i++;P0 = LedBuff[0];break;
  62   2                case 1:ADDR2 = 0;ADDR1 = 0;ADDR0 = 1;i++;P0 = LedBuff[1];break;
  63   2                case 2:ADDR2 = 0;ADDR1 = 1;ADDR0 = 0;i++;P0 = LedBuff[2];break;
  64   2                case 3:ADDR2 = 0;ADDR1 = 1;ADDR0 = 1;i++;P0 = LedBuff[3];break;
  65   2                case 4:ADDR2 = 1;ADDR1 = 0;ADDR0 = 0;i++;P0 = LedBuff[4];break;
  66   2                case 5:ADDR2 = 1;ADDR1 = 0;ADDR0 = 1;i=0;P0 = LedBuff[5];break;
  67   2         }
  68   1      }


MODULE INFORMATION:   STATIC OVERLAYABLE
   CODE SIZE        =    437    ----
   CONSTANT SIZE    =     16    ----
   XDATA SIZE       =   ----    ----
   PDATA SIZE       =   ----    ----
   DATA SIZE        =     10       4
   IDATA SIZE       =   ----    ----
   BIT SIZE         =   ----    ----
END OF MODULE INFORMATION.


C51 COMPILATION COMPLETE.  0 WARNING(S),  0 ERROR(S)
